{
  "RSpec": {
    "coverage": {
      "/home/vagrant/environment/cd_app/app/helpers/application_helper.rb": [
        1,
        null,
        null,
        1,
        0,
        0,
        0,
        null,
        0,
        null,
        null,
        null
      ],
      "/home/vagrant/environment/cd_app/app/helpers/cards_helper.rb": [
        1,
        null
      ],
      "/home/vagrant/environment/cd_app/app/helpers/cartitems_helper.rb": [
        1,
        null
      ],
      "/home/vagrant/environment/cd_app/app/helpers/carts_helper.rb": [
        1,
        null
      ],
      "/home/vagrant/environment/cd_app/app/helpers/cds_helper.rb": [
        1,
        null
      ],
      "/home/vagrant/environment/cd_app/app/helpers/favs_helper.rb": [
        1,
        null,
        null,
        null,
        null,
        null
      ],
      "/home/vagrant/environment/cd_app/app/helpers/orders_helper.rb": [
        1,
        null
      ],
      "/home/vagrant/environment/cd_app/app/helpers/sessions_helper.rb": [
        1,
        null,
        null,
        1,
        0,
        null,
        null,
        null,
        1,
        0,
        0,
        0,
        null,
        null,
        null,
        1,
        0,
        null,
        null,
        null,
        1,
        0,
        0,
        0,
        0,
        0,
        0,
        0,
        null,
        null,
        null,
        null,
        null,
        1,
        0,
        null,
        null,
        null,
        1,
        0,
        0,
        0,
        null,
        null,
        null,
        1,
        0,
        0,
        0,
        null,
        null,
        null,
        1,
        0,
        0,
        null,
        null,
        null,
        1,
        0,
        null,
        null
      ],
      "/home/vagrant/environment/cd_app/app/helpers/static_pages_helper.rb": [
        1,
        null
      ],
      "/home/vagrant/environment/cd_app/app/helpers/users_helper.rb": [
        1,
        null,
        null,
        1,
        0,
        0,
        0,
        null,
        null
      ],
      "/home/vagrant/environment/cd_app/app/channels/application_cable/channel.rb": [
        0,
        0,
        0,
        0
      ],
      "/home/vagrant/environment/cd_app/app/channels/application_cable/connection.rb": [
        0,
        0,
        0,
        0
      ],
      "/home/vagrant/environment/cd_app/app/controllers/static_pages_controller.rb": [
        0,
        0,
        0,
        0
      ],
      "/home/vagrant/environment/cd_app/app/controllers/application_controller.rb": [
        0,
        0,
        0,
        null,
        0,
        null,
        null,
        0,
        0,
        null,
        0,
        0,
        0,
        0,
        0,
        0,
        0,
        0,
        0,
        0,
        0,
        0,
        null,
        0,
        0,
        0,
        0,
        0,
        0,
        0,
        0
      ],
      "/home/vagrant/environment/cd_app/app/controllers/sessions_controller.rb": [
        0,
        0,
        null,
        null,
        0,
        0,
        null,
        0,
        0,
        0,
        0,
        0,
        0,
        0,
        0,
        0,
        0,
        0,
        null,
        0,
        0,
        0,
        0,
        0,
        null,
        null,
        0,
        null,
        null,
        0,
        0,
        null,
        0,
        0,
        0,
        0,
        0,
        0,
        null,
        0
      ],
      "/home/vagrant/environment/cd_app/app/controllers/users_controller.rb": [
        0,
        0,
        0,
        null,
        null,
        0,
        0,
        0,
        0,
        null,
        0,
        0,
        0,
        null,
        0,
        0,
        0,
        0,
        0,
        0,
        0,
        0,
        0,
        0,
        null,
        0,
        0,
        0,
        null,
        0,
        0,
        0,
        0,
        0,
        0,
        0,
        0,
        0,
        null,
        0,
        0,
        0,
        0,
        0,
        0,
        0,
        0,
        null,
        0,
        0,
        0,
        null,
        null,
        0,
        0,
        0,
        0,
        null,
        0,
        null,
        0,
        0,
        0,
        0,
        null,
        null,
        null,
        null,
        0,
        0,
        0,
        0,
        0,
        0,
        null,
        null,
        null,
        null,
        0,
        null,
        null,
        0,
        0,
        0,
        0,
        null,
        null,
        0,
        0,
        0,
        0
      ],
      "/home/vagrant/environment/cd_app/app/controllers/cds_controller.rb": [
        0,
        0,
        0,
        0,
        null,
        0,
        0,
        null,
        0,
        null,
        0,
        0,
        0,
        0,
        0,
        0,
        null,
        0,
        null,
        0,
        0,
        0,
        null,
        0,
        0,
        0,
        0,
        0,
        0,
        0,
        0,
        0,
        null,
        0,
        0,
        0,
        0,
        0,
        0,
        0,
        0,
        0,
        null,
        0,
        null,
        0,
        0,
        null,
        0,
        0,
        0,
        0,
        0,
        null,
        0,
        null,
        0,
        0,
        0,
        null,
        0,
        0,
        0,
        null,
        null,
        null,
        null,
        0,
        0,
        0,
        0,
        0,
        0,
        0,
        null,
        null,
        0,
        0,
        0,
        0,
        null,
        null,
        0,
        0,
        0,
        0
      ],
      "/home/vagrant/environment/cd_app/app/controllers/orders_controller.rb": [
        0,
        0,
        null,
        null,
        null,
        null,
        null,
        null,
        null,
        null,
        null,
        0,
        0,
        0,
        null,
        null,
        null,
        null,
        0,
        null,
        0,
        0,
        0,
        0,
        0,
        0,
        0,
        0,
        0,
        0,
        null,
        null,
        0,
        0,
        0,
        0,
        0,
        0,
        0,
        0,
        0,
        0,
        0,
        0,
        0,
        0,
        0,
        0,
        0,
        0,
        0,
        0,
        0,
        0,
        null,
        0,
        0,
        0,
        0,
        0
      ],
      "/home/vagrant/environment/cd_app/app/controllers/favs_controller.rb": [
        0,
        0,
        null,
        0,
        0,
        null,
        0,
        0,
        0,
        null,
        0,
        0,
        0,
        0,
        0,
        0,
        0
      ],
      "/home/vagrant/environment/cd_app/app/controllers/carts_controller.rb": [
        0,
        0,
        null,
        0,
        0,
        0,
        null,
        0,
        0,
        0,
        0,
        0,
        0,
        0
      ],
      "/home/vagrant/environment/cd_app/app/controllers/line_items_controller.rb": [
        0,
        0,
        null,
        0,
        null,
        0,
        0,
        null,
        null,
        0,
        null,
        0,
        null,
        0,
        0,
        0,
        0,
        0,
        0,
        null,
        null,
        0,
        0,
        0,
        null,
        null,
        0,
        0,
        0,
        0,
        0,
        null,
        0,
        0,
        0,
        0,
        0,
        0,
        null,
        0,
        0,
        0,
        0,
        0,
        0,
        0,
        0,
        null,
        null,
        0,
        0,
        0,
        0,
        0
      ],
      "/home/vagrant/environment/cd_app/app/controllers/cards_controller.rb": [
        0,
        null,
        null,
        null,
        0,
        0,
        0,
        null,
        0,
        0,
        0,
        0,
        0,
        0,
        0,
        0,
        0,
        null,
        0,
        null,
        0,
        0,
        0,
        0
      ],
      "/home/vagrant/environment/cd_app/app/jobs/application_job.rb": [
        0,
        0
      ],
      "/home/vagrant/environment/cd_app/app/mailers/application_mailer.rb": [
        0,
        0,
        0,
        0
      ],
      "/home/vagrant/environment/cd_app/app/models/application_record.rb": [
        0,
        0,
        0
      ],
      "/home/vagrant/environment/cd_app/app/models/genre.rb": [
        0,
        0,
        null,
        null,
        null,
        null,
        null,
        0
      ],
      "/home/vagrant/environment/cd_app/app/models/cd.rb": [
        0,
        0,
        0,
        0,
        0,
        0,
        null,
        0,
        0,
        0,
        0,
        0,
        0,
        0,
        0
      ],
      "/home/vagrant/environment/cd_app/app/models/card.rb": [
        0,
        0,
        0
      ],
      "/home/vagrant/environment/cd_app/app/models/fav.rb": [
        0,
        0,
        0,
        0
      ],
      "/home/vagrant/environment/cd_app/app/models/user.rb": [
        0,
        0,
        0,
        0,
        0,
        null,
        0,
        0,
        0,
        0,
        0,
        0,
        0,
        0,
        0,
        0,
        null,
        null,
        0,
        0,
        0,
        0,
        0,
        null,
        null,
        0,
        0,
        0,
        null,
        null,
        0,
        0,
        0,
        0,
        null,
        null,
        0,
        0,
        0,
        0,
        null,
        null,
        0,
        0,
        0,
        null,
        null,
        0,
        0,
        null,
        null,
        0,
        0,
        0,
        null,
        null,
        0,
        0,
        0,
        null,
        0,
        0,
        0,
        0,
        null,
        null,
        0,
        0,
        0,
        null,
        null,
        0
      ],
      "/home/vagrant/environment/cd_app/app/models/stock.rb": [
        0,
        0,
        0,
        0
      ],
      "/home/vagrant/environment/cd_app/app/models/cart.rb": [
        0,
        0,
        0,
        0,
        null,
        null,
        0,
        0,
        0,
        0,
        0,
        0,
        0,
        0
      ],
      "/home/vagrant/environment/cd_app/app/models/line_item.rb": [
        0,
        0,
        0,
        null,
        null,
        0,
        0,
        0,
        0
      ],
      "/home/vagrant/environment/cd_app/app/models/order.rb": [
        0,
        0
      ],
      "/home/vagrant/environment/cd_app/app/models/ranking.rb": [
        0,
        0,
        0
      ],
      "/home/vagrant/environment/cd_app/lib/tasks/batch.rb": [
        0,
        0,
        null,
        0,
        0,
        0,
        0,
        0,
        0,
        null,
        0,
        null,
        0,
        null,
        0,
        0,
        0,
        0,
        0,
        0,
        0
      ]
    },
    "timestamp": 1573536696
  }
}
